<?xml version="1.0" encoding="UTF-8"?>
<!-- Generated by org.testng.reporters.JUnitReportReporter -->
<testsuite hostname="LAINPU1502-0194" failures="0" tests="1" name="Demolink.Demo.NewTest" time="0.005" errors="0" timestamp="06 May 2019 12:16:17 GMT" skipped="0">
  <testcase classname="Demolink.Demo.NewTest" name="f" time="0.005"/>
</testsuite> <!-- Demolink.Demo.NewTest -->
