<?xml version="1.0" encoding="UTF-8"?>
<!-- Generated by org.testng.reporters.JUnitReportReporter -->
<testsuite hostname="LAINPU1502-0194" failures="0" tests="1" name="Demolink.Demo.NewTest" time="0.007" errors="0" timestamp="29 Apr 2019 07:47:39 GMT" skipped="0">
  <testcase classname="Demolink.Demo.NewTest" name="f" time="0.007"/>
</testsuite> <!-- Demolink.Demo.NewTest -->
